<?xml version="1.0" encoding="UTF-8"?>
<testng-results ignored="0" total="3" passed="3" failed="0" skipped="0">
  <reporter-output>
  </reporter-output>
  <suite started-at="2023-10-25T15:54:20 IST" name="verify table modifications" finished-at="2023-10-25T15:54:21 IST" duration-ms="1034">
    <groups>
    </groups>
    <test started-at="2023-10-25T15:54:20 IST" name="Verify Components in the Homepage" finished-at="2023-10-25T15:54:21 IST" duration-ms="1034">
      <class name="com.caw.testCases.HomePageVerify">
        <test-method is-config="true" signature="launchBrowser()[pri:0, instance:com.caw.testCases.HomePageVerify@1a18644]" started-at="2023-10-25T15:54:16 IST" name="launchBrowser" finished-at="2023-10-25T15:54:20 IST" duration-ms="4357" status="PASS">
          <reporter-output>
          </reporter-output>
        </test-method> <!-- launchBrowser -->
        <test-method signature="verifyHomePage()[pri:0, instance:com.caw.testCases.HomePageVerify@1a18644]" started-at="2023-10-25T15:54:20 IST" name="verifyHomePage" finished-at="2023-10-25T15:54:21 IST" duration-ms="185" status="PASS">
          <reporter-output>
          </reporter-output>
        </test-method> <!-- verifyHomePage -->
        <test-method signature="insertDataIntoTextBox()[pri:1, instance:com.caw.testCases.HomePageVerify@1a18644]" started-at="2023-10-25T15:54:21 IST" name="insertDataIntoTextBox" finished-at="2023-10-25T15:54:21 IST" depends-on-methods="com.caw.testCases.HomePageVerify.verifyHomePage" duration-ms="529" status="PASS">
          <reporter-output>
          </reporter-output>
        </test-method> <!-- insertDataIntoTextBox -->
        <test-method signature="isOutputMatches()[pri:2, instance:com.caw.testCases.HomePageVerify@1a18644]" started-at="2023-10-25T15:54:21 IST" name="isOutputMatches" finished-at="2023-10-25T15:54:21 IST" depends-on-methods="com.caw.testCases.HomePageVerify.insertDataIntoTextBox" duration-ms="283" status="PASS">
          <reporter-output>
          </reporter-output>
        </test-method> <!-- isOutputMatches -->
        <test-method is-config="true" signature="tearDown()[pri:0, instance:com.caw.testCases.HomePageVerify@1a18644]" started-at="2023-10-25T15:54:22 IST" name="tearDown" finished-at="2023-10-25T15:54:22 IST" duration-ms="222" status="PASS">
          <reporter-output>
          </reporter-output>
        </test-method> <!-- tearDown -->
      </class> <!-- com.caw.testCases.HomePageVerify -->
    </test> <!-- Verify Components in the Homepage -->
  </suite> <!-- verify table modifications -->
</testng-results>
