<?xml version="1.0" encoding="UTF-8"?>
<!-- Generated by org.testng.reporters.JUnitXMLReporter -->
<testsuite ignored="0" hostname="01HW1842040" failures="0" tests="3" name="Verify Components in the Homepage" time="1.034" errors="0" timestamp="2023-10-25T15:54:22 IST">
  <testcase classname="com.caw.testCases.HomePageVerify" name="verifyHomePage" time="0.185"/>
  <testcase classname="com.caw.testCases.HomePageVerify" name="insertDataIntoTextBox" time="0.529"/>
  <testcase classname="com.caw.testCases.HomePageVerify" name="isOutputMatches" time="0.283"/>
</testsuite> <!-- Verify Components in the Homepage -->
