<?xml version="1.0" encoding="UTF-8"?>
<!-- Generated by org.testng.reporters.JUnitXMLReporter -->
<testsuite ignored="0" hostname="01HW1842040" failures="0" tests="3" name="Verify Components in the Homepage" time="1.113" errors="0" timestamp="2023-10-21T17:11:00 IST">
  <testcase classname="com.caw.testCases.HomePageVerify" name="verifyHomePage" time="0.181"/>
  <testcase classname="com.caw.testCases.HomePageVerify" name="insertDataIntoTextBox" time="0.622"/>
  <testcase classname="com.caw.testCases.HomePageVerify" name="isOutputMatches" time="0.277"/>
</testsuite> <!-- Verify Components in the Homepage -->
