<?xml version="1.0" encoding="UTF-8"?>
<!-- Generated by org.testng.reporters.JUnitXMLReporter -->
<testsuite ignored="0" hostname="01HW1842040" failures="0" tests="3" name="Default test" time="1.033" errors="0" timestamp="2023-10-21T16:31:41 IST">
  <testcase classname="com.caw.testCases.HomePageVerify" name="verifyHomePage" time="0.176"/>
  <testcase classname="com.caw.testCases.HomePageVerify" name="insertDataIntoTextBox" time="0.552"/>
  <testcase classname="com.caw.testCases.HomePageVerify" name="isOutputMatches" time="0.271"/>
</testsuite> <!-- Default test -->
